<?xml version="1.0" encoding="UTF-8"?>
<!-- Generated by org.testng.reporters.JUnitXMLReporter -->
<testsuite ignored="0" hostname="sandeeps-MacBook-Air.local" failures="0" tests="8" name="TutorialNinja Tests" time="92.886" errors="0" timestamp="2023-12-07T12:01:13 IST">
  <testcase classname="com.tutorialninjaqa.testcases.Register" name="verifyregisteringanaccountwithmandatoryfields" time="5.13"/>
  <testcase classname="com.tutorialninjaqa.testcases.Register" name="verifyregisteringanaccountbyallfields" time="5.385"/>
  <testcase classname="com.tutorialninjaqa.testcases.Register" name="verifyregisteringanaccountbyexistingemail" time="4.747"/>
  <testcase classname="com.tutorialninjaqa.testcases.Login" name="verifyLoginwithvalidcredentials" time="2.485"/>
  <testcase classname="com.tutorialninjaqa.testcases.Login" name="verifyLoginwithinvalidcredentials" time="1.782"/>
  <testcase classname="com.tutorialninjaqa.testcases.Search" name="veryfySearchWithValidProduct" time="1.806"/>
  <testcase classname="com.tutorialninjaqa.testcases.Search" name="veryfySearchWithInValidProduct" time="1.489"/>
  <testcase classname="com.tutorialninjaqa.testcases.Search" name="verifyWithOutAnyProduct" time="1.3"/>
</testsuite> <!-- TutorialNinja Tests -->
